app/manifest-merger-release-report.txt
-- Merging decision tree log ---
manifest
ADDED from AndroidManifest.xml:2:1
	package
		ADDED from AndroidManifest.xml:3:5
		INJECTED from AndroidManifest.xml:0:0
		INJECTED from AndroidManifest.xml:0:0
	android:versionName
		INJECTED from AndroidManifest.xml:0:0
		INJECTED from AndroidManifest.xml:0:0
	xmlns:android
		ADDED from AndroidManifest.xml:2:11
	android:versionCode
		INJECTED from AndroidManifest.xml:0:0
		INJECTED from AndroidManifest.xml:0:0
uses-permission#android.permission.INTERNET
ADDED from AndroidManifest.xml:5:5
	android:name
		ADDED from AndroidManifest.xml:5:22
uses-permission#android.permission.ACCESS_NETWORK_STATE
ADDED from AndroidManifest.xml:6:5
	android:name
		ADDED from AndroidManifest.xml:6:22
application
ADDED from AndroidManifest.xml:8:5
MERGED from com.android.support:appcompat-v7:21.0.2:16:5
MERGED from com.android.support:support-v4:21.0.2:16:5
MERGED from info.vividcode.android.zxing:capture-activity:2.3.0-1.2:40:3
MERGED from com.google.android.gms:play-services:6.1.71:16:5
MERGED from com.android.support:support-v4:21.0.2:16:5
	android:label
		ADDED from AndroidManifest.xml:11:9
	android:allowBackup
		ADDED from AndroidManifest.xml:9:9
	android:icon
		ADDED from AndroidManifest.xml:10:9
	android:theme
		ADDED from AndroidManifest.xml:12:9
meta-data#com.google.android.gms.version
ADDED from AndroidManifest.xml:14:9
	android:value
		ADDED from AndroidManifest.xml:15:13
	android:name
		ADDED from AndroidManifest.xml:14:20
activity#com.stefannew.openbook.MainActivity
ADDED from AndroidManifest.xml:17:9
	android:screenOrientation
		ADDED from AndroidManifest.xml:20:13
	android:label
		ADDED from AndroidManifest.xml:19:13
	android:windowSoftInputMode
		ADDED from AndroidManifest.xml:21:13
	android:name
		ADDED from AndroidManifest.xml:18:13
intent-filter#android.intent.action.MAIN+android.intent.category.LAUNCHER
ADDED from AndroidManifest.xml:22:13
action#android.intent.action.MAIN
ADDED from AndroidManifest.xml:23:17
	android:name
		ADDED from AndroidManifest.xml:23:25
category#android.intent.category.LAUNCHER
ADDED from AndroidManifest.xml:25:17
	android:name
		ADDED from AndroidManifest.xml:25:27
activity#info.vividcode.android.zxing.CaptureActivity
ADDED from AndroidManifest.xml:28:9
	android:screenOrientation
		ADDED from AndroidManifest.xml:30:13
	android:theme
		ADDED from AndroidManifest.xml:31:13
	android:name
		ADDED from AndroidManifest.xml:29:13
activity#com.stefannew.openbook.ReviewActivity
ADDED from AndroidManifest.xml:32:9
	android:screenOrientation
		ADDED from AndroidManifest.xml:35:13
	android:label
		ADDED from AndroidManifest.xml:34:13
	android:name
		ADDED from AndroidManifest.xml:33:13
meta-data#android.support.PARENT_ACTIVITY
ADDED from AndroidManifest.xml:37:13
	android:value
		ADDED from AndroidManifest.xml:39:17
	android:name
		ADDED from AndroidManifest.xml:38:17
activity#com.google.android.gms.ads.AdActivity
ADDED from AndroidManifest.xml:42:9
	android:configChanges
		ADDED from AndroidManifest.xml:43:13
	android:theme
		ADDED from AndroidManifest.xml:44:13
	android:name
		ADDED from AndroidManifest.xml:42:19
uses-sdk
INJECTED from AndroidManifest.xml:0:0 reason: use-sdk injection requested
MERGED from com.android.support:appcompat-v7:21.0.2:15:5
MERGED from com.android.support:support-v4:21.0.2:15:5
MERGED from info.vividcode.android.zxing:capture-activity:2.3.0-1.2:24:3
MERGED from com.google.android.gms:play-services:6.1.71:15:5
MERGED from com.android.support:support-v4:21.0.2:15:5
	android:targetSdkVersion
		INJECTED from AndroidManifest.xml:0:0
		INJECTED from AndroidManifest.xml:0:0
	android:minSdkVersion
		INJECTED from AndroidManifest.xml:0:0
		INJECTED from AndroidManifest.xml:0:0
uses-permission#android.permission.CAMERA
ADDED from info.vividcode.android.zxing:capture-activity:2.3.0-1.2:21:3
	android:name
		ADDED from info.vividcode.android.zxing:capture-activity:2.3.0-1.2:21:20
uses-permission#android.permission.FLASHLIGHT
ADDED from info.vividcode.android.zxing:capture-activity:2.3.0-1.2:22:3
	android:name
		ADDED from info.vividcode.android.zxing:capture-activity:2.3.0-1.2:22:20
uses-feature#android.hardware.camera
ADDED from info.vividcode.android.zxing:capture-activity:2.3.0-1.2:27:3
	android:required
		ADDED from info.vividcode.android.zxing:capture-activity:2.3.0-1.2:27:56
	android:name
		ADDED from info.vividcode.android.zxing:capture-activity:2.3.0-1.2:27:17
uses-feature#android.hardware.camera.front
ADDED from info.vividcode.android.zxing:capture-activity:2.3.0-1.2:28:3
	android:required
		ADDED from info.vividcode.android.zxing:capture-activity:2.3.0-1.2:28:62
	android:name
		ADDED from info.vividcode.android.zxing:capture-activity:2.3.0-1.2:28:17
uses-feature#android.hardware.camera.autofocus
ADDED from info.vividcode.android.zxing:capture-activity:2.3.0-1.2:31:3
	android:required
		ADDED from info.vividcode.android.zxing:capture-activity:2.3.0-1.2:31:66
	android:name
		ADDED from info.vividcode.android.zxing:capture-activity:2.3.0-1.2:31:17
uses-feature#android.hardware.camera.flash
ADDED from info.vividcode.android.zxing:capture-activity:2.3.0-1.2:32:3
	android:required
		ADDED from info.vividcode.android.zxing:capture-activity:2.3.0-1.2:32:62
	android:name
		ADDED from info.vividcode.android.zxing:capture-activity:2.3.0-1.2:32:17
uses-feature#android.hardware.screen.landscape
ADDED from info.vividcode.android.zxing:capture-activity:2.3.0-1.2:33:3
	android:name
		ADDED from info.vividcode.android.zxing:capture-activity:2.3.0-1.2:33:17
uses-feature#android.hardware.touchscreen
ADDED from info.vividcode.android.zxing:capture-activity:2.3.0-1.2:35:3
	android:name
		ADDED from info.vividcode.android.zxing:capture-activity:2.3.0-1.2:35:17
supports-screens
ADDED from info.vividcode.android.zxing:capture-activity:2.3.0-1.2:38:3
	android:largeScreens
		ADDED from info.vividcode.android.zxing:capture-activity:2.3.0-1.2:38:47
	android:smallScreens
		ADDED from info.vividcode.android.zxing:capture-activity:2.3.0-1.2:38:104
	android:normalScreens
		ADDED from info.vividcode.android.zxing:capture-activity:2.3.0-1.2:38:75
	android:xlargeScreens
		ADDED from info.vividcode.android.zxing:capture-activity:2.3.0-1.2:38:132
	android:anyDensity
		ADDED from info.vividcode.android.zxing:capture-activity:2.3.0-1.2:38:21